<?xml version="1.0" encoding="UTF-8"?>
<testng-results ignored="0" total="1" passed="1" failed="0" skipped="0">
  <reporter-output>
  </reporter-output>
  <suite started-at="2024-03-13T21:44:41 IST" name="Default suite" finished-at="2024-03-13T21:44:41 IST" duration-ms="64">
    <groups>
    </groups>
    <test started-at="2024-03-13T21:44:41 IST" name="Default test" finished-at="2024-03-13T21:44:41 IST" duration-ms="64">
      <class name="Pages.AssertionTest">
        <test-method signature="simpleTestCase()[pri:0, instance:Pages.AssertionTest@45099dd3]" started-at="2024-03-13T21:44:41 IST" name="simpleTestCase" finished-at="2024-03-13T21:44:41 IST" duration-ms="16" status="PASS">
          <reporter-output>
          </reporter-output>
        </test-method> <!-- simpleTestCase -->
      </class> <!-- Pages.AssertionTest -->
    </test> <!-- Default test -->
  </suite> <!-- Default suite -->
</testng-results>
